<?xml version="1.0" encoding="UTF-8"?>
<!-- Generated by org.testng.reporters.JUnitReportReporter -->
<testsuite skipped="0" hostname="DESKTOP-3CUCC4I" name="com.cheapoair.tests.CheapoiarHomePageTest" tests="1" failures="0" timestamp="10 Sep 2017 15:40:13 GMT" time="13.738" errors="0">
  <testcase name="homePageTest" time="13.738" classname="com.cheapoair.tests.CheapoiarHomePageTest"/>
</testsuite> <!-- com.cheapoair.tests.CheapoiarHomePageTest -->
