<?xml version="1.0" encoding="UTF-8"?>
<!-- Generated by org.testng.reporters.JUnitReportReporter -->
<testsuite skipped="0" hostname="DESKTOP-3CUCC4I" name="com.cheapoair.tests.CheapoairHomePageTest" tests="1" failures="0" timestamp="10 Sep 2017 16:15:40 GMT" time="12.248" errors="0">
  <testcase name="homePageTest" time="12.248" classname="com.cheapoair.tests.CheapoairHomePageTest"/>
</testsuite> <!-- com.cheapoair.tests.CheapoairHomePageTest -->
